<?xml version="1.0" encoding="utf-8"?><testsuites name="pytest tests"><testsuite name="pytest" errors="0" failures="0" skipped="0" tests="24" time="3.687" timestamp="2026-04-28T17:02:47.472111+00:00" hostname="agent-env-93e0cafb-cca7-4fc8-90af-ccf1b65702fa"><testcase classname="backend.tests.backend_test.TestHealth" name="test_root" time="0.199" /><testcase classname="backend.tests.backend_test.TestAuth" name="test_login_success" time="0.281" /><testcase classname="backend.tests.backend_test.TestAuth" name="test_login_invalid" time="0.278" /><testcase classname="backend.tests.backend_test.TestAuth" name="test_me_requires_auth" time="0.122" /><testcase classname="backend.tests.backend_test.TestAuth" name="test_me_with_cookies" time="0.464" /><testcase classname="backend.tests.backend_test.TestAuth" name="test_refresh" time="0.074" /><testcase classname="backend.tests.backend_test.TestAuth" name="test_logout_then_me_unauth" time="0.504" /><testcase classname="backend.tests.backend_test.TestAppointments" name="test_public_create_appointment" time="0.054" /><testcase classname="backend.tests.backend_test.TestAppointments" name="test_list_without_auth_is_401" time="0.161" /><testcase classname="backend.tests.backend_test.TestAppointments" name="test_list_admin" time="0.075" /><testcase classname="backend.tests.backend_test.TestAppointments" name="test_update_status" time="0.062" /><testcase classname="backend.tests.backend_test.TestAppointments" name="test_invalid_status" time="0.073" /><testcase classname="backend.tests.backend_test.TestAppointments" name="test_delete" time="0.122" /><testcase classname="backend.tests.backend_test.TestAppointments" name="test_create_missing_fields" time="0.053" /><testcase classname="backend.tests.backend_test.TestPayments" name="test_create_requires_admin" time="0.122" /><testcase classname="backend.tests.backend_test.TestPayments" name="test_create" time="0.080" /><testcase classname="backend.tests.backend_test.TestPayments" name="test_list" time="0.070" /><testcase classname="backend.tests.backend_test.TestPayments" name="test_update_status" time="0.062" /><testcase classname="backend.tests.backend_test.TestPayments" name="test_delete" time="0.133" /><testcase classname="backend.tests.backend_test.TestContact" name="test_public_submit" time="0.080" /><testcase classname="backend.tests.backend_test.TestContact" name="test_list_requires_admin" time="0.137" /><testcase classname="backend.tests.backend_test.TestContact" name="test_list_admin" time="0.057" /><testcase classname="backend.tests.backend_test.TestStats" name="test_requires_admin" time="0.110" /><testcase classname="backend.tests.backend_test.TestStats" name="test_stats" time="0.060" /></testsuite></testsuites>